C51 COMPILER V9.00   ISR                                                                   06/15/2019 19:35:37 PAGE 1   


C51 COMPILER V9.00, COMPILATION OF MODULE ISR
OBJECT MODULE PLACED IN ..\bin\isr.obj
COMPILER INVOKED BY: C:\Program Files\Keil4\C51\BIN\C51.EXE ..\src\drv\isr.c LARGE BROWSE DEBUG OBJECTEXTEND PRINT(..\ls
                    -t\isr.lst) OBJECT(..\bin\isr.obj)

line level    source

   1          #include "isr.h"
   2          
   3          void timer1msIsr() interrupt 1
   4          {
   5   1          /* Reload countr value and clear interrupt */
   6   1              TL0 = 0x40;
   7   1              TH0 = 0xA2;
   8   1              TF0 = 0;
   9   1          TR0 = 1;
  10   1          task1ms();
  11   1      
  12   1      }
  13          
  14          void timer10msIsr() interrupt 20
  15          {
  16   1          
  17   1      
  18   1          T4L = 0xE0;
  19   1              T4H = 0xB1;             
  20   1          AUXINTIF &= T4IF;
  21   1          T4T3M &= T4R;
  22   1          /* Reload countr value and clear interrupt */
  23   1          task10ms();
  24   1      }
  25          
  26          void uart3Isr() interrupt 17
  27          {
  28   1          uart3Int();
  29   1      }
  30          
  31          void uart4Isr() interrupt 18
  32          {
  33   1          uart4Int();
  34   1      }


MODULE INFORMATION:   STATIC OVERLAYABLE
   CODE SIZE        =    258    ----
   CONSTANT SIZE    =   ----    ----
   XDATA SIZE       =   ----    ----
   PDATA SIZE       =   ----    ----
   DATA SIZE        =   ----    ----
   IDATA SIZE       =   ----    ----
   BIT SIZE         =   ----    ----
END OF MODULE INFORMATION.


C51 COMPILATION COMPLETE.  0 WARNING(S),  0 ERROR(S)
